C51 COMPILER V9.60.7.0   MAIN                                                              04/26/2024 15:10:36 PAGE 1   


C51 COMPILER V9.60.7.0, COMPILATION OF MODULE MAIN
OBJECT MODULE PLACED IN .\Objects\Main.obj
COMPILER INVOKED BY: C:\Keil_v5\C51\BIN\C51.EXE Main.c LARGE OPTIMIZE(8,SPEED) BROWSE INCDIR(.\Library\Device\Include;.\
                    -Library\StdDriver\inc;.\Library\User;.\Library\User) DEBUG OBJECTEXTEND PRINT(.\Listings\Main.lst) TABS(2) OBJECT(.\Obje
                    -cts\Main.obj)

line level    source

   1          #include "ML51.h"
   2          #include <IO_Define.h>
   3          #include "RTimer0.h"
   4          
   5          extern UINT8 xdata QrArray[];
   6          extern UINT16 xdata GlcdImageCnt;
   7          extern unsigned int TimerForChair;
   8          extern bit FlagOffAud, FlagChairWorking,FlagStopAud,FlagChairlastMin;
   9          extern UINT8 PreStartTime;
  10          //extern int TimerForChair;
  11          extern struct Flag Flags;
  12          
  13          code char img [] = {
  14          0x08, 0x00, 0x00, 0x00, 0x00, 0x00, 0x00, 0x00, 0x00, 0x00, 0x00, 0x00, 0x00, 0x00, 0x00, 0x00,
  15          0x00, 0x00, 0x00, 0x00, 0x00, 0x00, 0x00, 0x60, 0x40, 0x00, 0x00, 0x00, 0x00, 0x02, 0x01, 0x01,
  16          0x00, 0x00, 0x00, 0x00, 0x00, 0x00, 0x00, 0x00, 0x00, 0x00, 0x01, 0x40, 0x00, 0x00, 0x00, 0x00,
  17          0x01, 0x01, 0x01, 0x01, 0x01, 0x01, 0x07, 0x1F, 0x7E, 0x6F, 0xFF, 0xDB, 0xDF, 0xDF, 0xDF, 0xDF,
  18          0xFF, 0xEF, 0xFE, 0xEF, 0xEF, 0xCF, 0xD7, 0xFF, 0xE7, 0xF7, 0xDF, 0xD4, 0xD0, 0xC4, 0x4C, 0x16,
  19          0x56, 0xB6, 0x2E, 0x8E, 0x27, 0x2F, 0x3F, 0x3F, 0x7F, 0x7F, 0xFF, 0xFF, 0xFF, 0xFF, 0xFF, 0xFF,
  20          0xFF, 0xFC, 0xFC, 0xFD, 0xFC, 0xFD, 0xFF, 0xFF, 0xFE, 0xFF, 0xEF, 0xE7, 0x03, 0x01, 0x01, 0x01,
  21          0x01, 0x00, 0x00, 0x00, 0x00, 0x00, 0x00, 0x01, 0x02, 0x08, 0x20, 0x40, 0xE0, 0x00, 0x00, 0x00,
  22          0x00, 0x00, 0x00, 0x00, 0x00, 0x81, 0x80, 0x80, 0x00, 0x00, 0x00, 0x00, 0x00, 0x00, 0x00, 0x00,
  23          0x00, 0x00, 0x00, 0x00, 0x00, 0x00, 0x00, 0x00, 0x00, 0x00, 0x00, 0x01, 0x00, 0x00, 0x00, 0x00,
  24          0x00, 0x80, 0x00, 0x00, 0x80, 0xC0, 0x80, 0xE0, 0xA0, 0xE0, 0xE0, 0xE0, 0xEC, 0xEC, 0x6E, 0xED,
  25          0xEF, 0xFC, 0xC6, 0x9E, 0x2E, 0x3E, 0xFE, 0xFF, 0xFF, 0xFF, 0xFF, 0x3F, 0x0F, 0x0F, 0x0F, 0x07,
  26          0x07, 0x03, 0x03, 0x03, 0x03, 0x03, 0x01, 0x01, 0x03, 0x01, 0x01, 0x01, 0x00, 0x00, 0x00, 0x00,
  27          0x00, 0x00, 0x00, 0x00, 0x00, 0x00, 0x00, 0x04, 0x00, 0x04, 0x10, 0x21, 0x23, 0x47, 0x0F, 0xFF,
  28          0xFF, 0xFF, 0xFF, 0xFF, 0xFF, 0xFF, 0xFF, 0xFF, 0xFF, 0xF0, 0x03, 0xBF, 0x38, 0xC0, 0x00, 0x00,
  29          0x00, 0x00, 0x00, 0x00, 0x00, 0x00, 0x00, 0x00, 0x00, 0x00, 0x00, 0x00, 0x17, 0x00, 0x00, 0x00,
  30          0x3C, 0x3E, 0x1E, 0x0E, 0x07, 0x07, 0x06, 0x00, 0x00, 0x00, 0x00, 0x00, 0x00, 0x00, 0x00, 0x00,
  31          0x00, 0x00, 0x00, 0x00, 0x00, 0x00, 0x00, 0x00, 0x40, 0x80, 0x40, 0xF0, 0x70, 0xB8, 0xE8, 0xF8,
  32          0x7C, 0x3E, 0x1F, 0x5F, 0xCF, 0xCF, 0x8F, 0x87, 0xD7, 0x03, 0x21, 0x21, 0x00, 0x00, 0x00, 0x80,
  33          0x80, 0x81, 0x81, 0x83, 0x83, 0xFF, 0xFF, 0xFF, 0x1F, 0x1F, 0x1F, 0x3C, 0x3C, 0x7E, 0x74, 0x7C,
  34          0x5E, 0x1C, 0x1C, 0x1C, 0x18, 0x18, 0x00, 0x00, 0x00, 0x00, 0x00, 0x00, 0x00, 0x18, 0x1C, 0x1C,
  35          0x02, 0x12, 0x12, 0x10, 0x00, 0x00, 0x00, 0x00, 0x00, 0x00, 0x00, 0x00, 0x00, 0x00, 0x00, 0x0B,
  36          0x0F, 0x0F, 0xFF, 0xFF, 0xFF, 0xFF, 0xFF, 0xFF, 0xFF, 0xFF, 0xFF, 0xFF, 0xFF, 0xF9, 0xFA, 0xFC,
  37          0xFC, 0xC8, 0x80, 0x00, 0x00, 0x80, 0x80, 0x80, 0x88, 0x00, 0x00, 0x00, 0x00, 0x00, 0x00, 0x00,
  38          0x00, 0x00, 0x00, 0x00, 0x00, 0x00, 0x00, 0x00, 0x00, 0x00, 0x00, 0x00, 0x00, 0x00, 0x00, 0x00,
  39          0x00, 0x80, 0xC0, 0xB0, 0xF8, 0xFE, 0x5B, 0xDF, 0xF3, 0xFC, 0x6F, 0x8D, 0xFA, 0xBE, 0x3F, 0x01,
  40          0x00, 0x00, 0x00, 0x00, 0x00, 0x00, 0x40, 0x48, 0x00, 0x08, 0x00, 0x90, 0x90, 0x90, 0x00, 0x01,
  41          0x03, 0x06, 0x06, 0x0D, 0x8F, 0xDF, 0xFC, 0xFB, 0xFC, 0xF8, 0xF0, 0xE0, 0xE0, 0xC0, 0xC0, 0xC0,
  42          0xE0, 0xF0, 0xFC, 0xF8, 0x7C, 0x7E, 0x7E, 0x5C, 0x50, 0x58, 0x70, 0x60, 0x60, 0x64, 0x20, 0x40,
  43          0x40, 0xC0, 0x80, 0x80, 0x00, 0x00, 0x00, 0x00, 0x00, 0x00, 0x00, 0x00, 0x00, 0x00, 0x00, 0x00,
  44          0x00, 0x3F, 0x3F, 0x7F, 0x3F, 0xFF, 0xFF, 0xFF, 0xFF, 0xFF, 0xFF, 0xFF, 0x7F, 0x7F, 0xC7, 0x1F,
  45          0x7B, 0xE3, 0xCE, 0x0F, 0x0F, 0x9F, 0x07, 0x07, 0x03, 0x05, 0x00, 0x00, 0x00, 0x00, 0x00, 0x00,
  46          0x00, 0x00, 0x00, 0x80, 0x00, 0x00, 0x00, 0x00, 0x00, 0x00, 0xE0, 0xF0, 0xF8, 0xFC, 0xF2, 0xFF,
  47          0xFF, 0xFF, 0xFF, 0x8F, 0x1B, 0xFF, 0xFF, 0xFF, 0xFF, 0xFF, 0xFF, 0xFF, 0xFF, 0xFF, 0xFF, 0xFF,
  48          0xFE, 0xFC, 0xF8, 0xF8, 0xF0, 0xF0, 0xE0, 0xE0, 0xE0, 0xF0, 0xF0, 0xF0, 0xF9, 0xF9, 0xF9, 0xFC,
  49          0xFC, 0xFE, 0xFF, 0xFF, 0xFF, 0x3F, 0x1F, 0x1F, 0x1F, 0x3F, 0x3F, 0x7F, 0xFF, 0xFF, 0xFF, 0xFF,
  50          0xFF, 0xFD, 0xF9, 0xF8, 0xF0, 0xE1, 0xE1, 0xE3, 0xE1, 0xE1, 0xE0, 0xE0, 0xE0, 0xE0, 0xE0, 0xE0,
  51          0xF0, 0xF0, 0xD8, 0xE6, 0xFC, 0xFC, 0x78, 0x70, 0x68, 0x30, 0x10, 0x38, 0x1C, 0x5C, 0x1C, 0x78,
  52          0xF8, 0xF8, 0xFE, 0xFE, 0xFE, 0xFF, 0xFF, 0xFF, 0xFF, 0xFF, 0xFF, 0xFF, 0xF7, 0xFF, 0x7F, 0xF8,
  53          0x80, 0x03, 0x07, 0x1B, 0xE7, 0xFF, 0xF8, 0x21, 0x20, 0x01, 0x01, 0x19, 0x6A, 0x00, 0x00, 0x00,
C51 COMPILER V9.60.7.0   MAIN                                                              04/26/2024 15:10:36 PAGE 2   

  54          0xC4, 0x80, 0x80, 0xC0, 0xC0, 0xE0, 0xB4, 0x7A, 0xFE, 0xFE, 0xEF, 0xBF, 0xFF, 0xFF, 0xFF, 0xEF,
  55          0xF7, 0xF9, 0xFF, 0xFF, 0xFF, 0xFF, 0x0F, 0x0F, 0x0F, 0x0F, 0x1F, 0x0F, 0x0F, 0x1F, 0x1F, 0x3F,
  56          0x1F, 0x1F, 0x1F, 0x1F, 0x1F, 0x0F, 0x0F, 0x1F, 0x1F, 0x1F, 0x1F, 0x1F, 0x1F, 0x1F, 0x1F, 0x3F,
  57          0x3F, 0x3F, 0x3F, 0x3F, 0x3E, 0xB8, 0x7C, 0x3C, 0x7C, 0xF0, 0xF8, 0xFC, 0xFC, 0xFF, 0xFF, 0xFF,
  58          0xFF, 0xFF, 0xFF, 0xBF, 0xBF, 0x3F, 0x7F, 0xFF, 0x7F, 0x7F, 0x3F, 0x3F, 0x3F, 0x3F, 0xFF, 0xBF,
  59          0x27, 0xE7, 0xE3, 0xE9, 0x37, 0x9D, 0x98, 0x10, 0xB0, 0x20, 0x20, 0x20, 0x21, 0x21, 0x21, 0x23,
  60          0x23, 0x27, 0x07, 0x07, 0x1F, 0x1F, 0x1F, 0x1F, 0x9F, 0x1F, 0x9F, 0x7F, 0x7F, 0xFF, 0xBF, 0xBF,
  61          0x3F, 0x3F, 0x3C, 0x38, 0x18, 0x7F, 0x7E, 0x7C, 0x7C, 0xF8, 0x78, 0xF0, 0xF0, 0x00, 0x00, 0x00,
  62          0xFF, 0xFF, 0xFF, 0xAF, 0x37, 0x19, 0x18, 0x1F, 0x0F, 0x0F, 0x0C, 0x07, 0x07, 0x07, 0x03, 0x03,
  63          0x01, 0x01, 0x01, 0x01, 0x00, 0x00, 0x00, 0x00, 0x00, 0x00, 0x00, 0x00, 0x00, 0x00, 0x00, 0x00,
  64          0x00, 0x80, 0x80, 0x80, 0x80, 0x88, 0x80, 0x80, 0x48, 0xC8, 0x00, 0x00, 0x20, 0x80, 0x00, 0x00,
  65          0xA8, 0x64, 0x04, 0x94, 0xE0, 0xF1, 0xF9, 0xFD, 0xFB, 0xF7, 0xFB, 0xF7, 0xDF, 0x7F, 0x3F, 0x7F,
  66          0x0F, 0x49, 0x51, 0x21, 0xCE, 0x7E, 0x38, 0x88, 0x10, 0xC4, 0xC0, 0xBA, 0x72, 0x7F, 0x77, 0xF7,
  67          0xFF, 0xE7, 0xEF, 0xCC, 0xDF, 0xDE, 0x1F, 0x0B, 0x00, 0x10, 0x10, 0x08, 0x00, 0x00, 0x00, 0x10,
  68          0x18, 0x78, 0x78, 0x58, 0x78, 0xFC, 0xFE, 0xF0, 0xF0, 0xE7, 0xE7, 0xCF, 0xBF, 0xBF, 0x3E, 0x7C,
  69          0x08, 0x70, 0x20, 0x60, 0x60, 0x40, 0xC0, 0x80, 0x80, 0x80, 0x80, 0x00, 0x00, 0x00, 0x00, 0x00,
  70          0x07, 0x07, 0x07, 0x07, 0x00, 0x00, 0x00, 0x00, 0x00, 0x00, 0x00, 0x00, 0x00, 0x00, 0x00, 0x00,
  71          0x00, 0x00, 0x00, 0x00, 0x04, 0x04, 0x04, 0x04, 0x00, 0x04, 0x04, 0x04, 0x04, 0x06, 0x06, 0x06,
  72          0x07, 0x07, 0x07, 0x07, 0x07, 0x07, 0x04, 0x06, 0x06, 0x00, 0x04, 0x05, 0x07, 0x04, 0x06, 0x06,
  73          0x04, 0x06, 0x07, 0x07, 0x05, 0x07, 0x04, 0x07, 0x07, 0x07, 0x07, 0x07, 0x07, 0x04, 0x06, 0x00,
  74          0x07, 0x05, 0x06, 0x02, 0x05, 0x01, 0x00, 0x00, 0x04, 0x07, 0x07, 0x07, 0x07, 0x07, 0x06, 0x06,
  75          0x06, 0x05, 0x05, 0x05, 0x07, 0x03, 0x01, 0x05, 0x00, 0x00, 0x06, 0x00, 0x04, 0x04, 0x00, 0x00,
  76          0x02, 0x00, 0x00, 0x00, 0x04, 0x05, 0x07, 0x07, 0x03, 0x07, 0x07, 0x07, 0x07, 0x07, 0x07, 0x07,
  77          0x06, 0x04, 0x04, 0x04, 0x00, 0x02, 0x00, 0x00, 0x01, 0x03, 0x07, 0x07, 0x04, 0x00, 0x00, 0x00
  78          };
  79          
  80          code char img2[]={0x00, 0x00, 0xF8, 0xFC, 0x0C, 0x0C, 0xCC, 0xCC, 0xCC, 0xCC, 0xCC, 0x0C, 0x0C, 0xFC, 0xFC
             -, 0x00,
  81          0x00, 0x90, 0x80, 0x80, 0x90, 0x10, 0x00, 0x00, 0xFC, 0xFC, 0x30, 0x60, 0x60, 0xB0, 0xB0, 0xB0,
  82          0x10, 0x00, 0x00, 0xCC, 0xC0, 0x00, 0xCC, 0xCC, 0xCC, 0xCC, 0xE0, 0xC0, 0xCC, 0xCC, 0xCC, 0x00,
  83          0x00, 0xFC, 0xFC, 0x0C, 0x0C, 0xCC, 0xCC, 0xCC, 0xCC, 0xCC, 0x0C, 0x0C, 0xFC, 0x00, 0x00, 0x00,
  84          0x00, 0x00, 0x3F, 0x7F, 0x60, 0x60, 0x67, 0x67, 0x67, 0x67, 0x67, 0x60, 0x60, 0x7F, 0x3F, 0x00,
  85          0x00, 0x79, 0x9F, 0x9F, 0xE1, 0xE1, 0x1E, 0x1E, 0x79, 0x31, 0x00, 0x30, 0x78, 0x1F, 0x1F, 0x67,
  86          0x67, 0x80, 0xC0, 0xE1, 0xC0, 0x00, 0xE7, 0xE7, 0x9E, 0x9E, 0x79, 0x79, 0x80, 0xE1, 0xE1, 0x00,
  87          0x00, 0x3F, 0x7F, 0x60, 0x60, 0x67, 0x67, 0x67, 0x67, 0x67, 0x60, 0x70, 0x7F, 0x00, 0x00, 0x00,
  88          0x00, 0x00, 0x02, 0x02, 0x7E, 0xFE, 0x0E, 0x0E, 0xFE, 0x1E, 0x0E, 0xF0, 0xF0, 0x32, 0x33, 0xCE,
  89          0xCE, 0xCE, 0x87, 0x03, 0x1D, 0x3C, 0x3C, 0x3C, 0x30, 0x20, 0xC0, 0x98, 0x3C, 0xFE, 0xFE, 0xFC,
  90          0x7C, 0x03, 0x03, 0x0C, 0x0C, 0x0C, 0xFC, 0xFD, 0x0F, 0x0F, 0xF0, 0xF0, 0xCC, 0xC1, 0xC1, 0xC3,
  91          0xC2, 0xCC, 0xCC, 0xCE, 0x30, 0x30, 0x32, 0x32, 0x0C, 0x0C, 0x0E, 0x0E, 0xF0, 0x40, 0x00, 0x00,
  92          0x00, 0x00, 0x1C, 0x1E, 0x7E, 0x7C, 0x18, 0x18, 0x9E, 0x61, 0x61, 0x01, 0x01, 0x99, 0x9B, 0x67,
  93          0x67, 0x99, 0x19, 0x19, 0x19, 0x19, 0x18, 0x18, 0x9E, 0x8E, 0x01, 0x01, 0x99, 0xF9, 0xF9, 0xE6,
  94          0xE4, 0x18, 0x38, 0x7E, 0x7C, 0x78, 0x1F, 0x1F, 0xE7, 0xE7, 0x9E, 0x9C, 0x60, 0x67, 0x67, 0x60,
  95          0x60, 0x60, 0x60, 0x60, 0x1C, 0x1E, 0xE0, 0xE0, 0x06, 0x06, 0xE1, 0xE1, 0x60, 0x00, 0x00, 0x00,
  96          0x00, 0x00, 0x0E, 0x0F, 0x0E, 0x0E, 0x30, 0x20, 0xC3, 0x20, 0x30, 0xF8, 0xFC, 0xCD, 0xCC, 0xCC,
  97          0xCC, 0x0F, 0x1C, 0x3C, 0x32, 0x32, 0x00, 0x00, 0x01, 0x08, 0x0C, 0x88, 0xC1, 0xE0, 0xF1, 0xF3,
  98          0xE3, 0xCC, 0xCC, 0xCC, 0xDC, 0x3E, 0x37, 0x33, 0x33, 0x37, 0x3F, 0x3F, 0x30, 0x30, 0x30, 0x30,
  99          0x30, 0x32, 0x36, 0xCE, 0x0C, 0x0C, 0xF0, 0xF0, 0x02, 0x07, 0xFF, 0xFF, 0x30, 0x00, 0x00, 0x00,
 100          0x00, 0x00, 0x7F, 0x7F, 0x00, 0x00, 0x6C, 0x6E, 0x6F, 0x0E, 0x0C, 0x6F, 0x6F, 0x6C, 0x6C, 0x6C,
 101          0x6C, 0xEC, 0x9C, 0x9C, 0x9C, 0x9C, 0x00, 0x00, 0x60, 0x64, 0x6C, 0x33, 0x13, 0x7C, 0x7C, 0xFC,
 102          0xFC, 0x0C, 0x0E, 0xEF, 0xC3, 0x98, 0x9C, 0x9C, 0x9B, 0x93, 0x0F, 0x0F, 0x10, 0xF1, 0xF3, 0x73,
 103          0x73, 0x73, 0x73, 0x63, 0xE4, 0xEC, 0x8F, 0x8F, 0xF3, 0xF3, 0x63, 0x63, 0x0C, 0x04, 0x00, 0x00,
 104          0x00, 0x00, 0xFE, 0xFE, 0x06, 0x06, 0xE6, 0xE6, 0xE6, 0xE6, 0xE6, 0x06, 0x06, 0xFE, 0xFE, 0x00,
 105          0x00, 0xF7, 0xF7, 0xF7, 0xC7, 0xC7, 0xC6, 0xC6, 0x06, 0x06, 0x06, 0x0C, 0x08, 0x38, 0x38, 0xC9,
 106          0x88, 0x08, 0x18, 0x39, 0x59, 0xC9, 0x31, 0x31, 0xF9, 0xF9, 0xC6, 0xC6, 0xC6, 0x3F, 0x3F, 0x30,
 107          0x30, 0x36, 0x32, 0x30, 0xFF, 0xFF, 0xF1, 0xF1, 0xF9, 0xF9, 0xC6, 0xC6, 0x38, 0x00, 0x00, 0x00,
 108          0x00, 0x00, 0x1F, 0x1F, 0x10, 0x10, 0x13, 0x13, 0x13, 0x13, 0x13, 0x10, 0x10, 0x1F, 0x1F, 0x00,
 109          0x00, 0x1F, 0x03, 0x03, 0x04, 0x0C, 0x03, 0x03, 0x03, 0x00, 0x10, 0x0E, 0x0F, 0x1F, 0x1F, 0x0C,
 110          0x0C, 0x1C, 0x1C, 0x0C, 0x0E, 0x0F, 0x0C, 0x0C, 0x00, 0x01, 0x13, 0x13, 0x0C, 0x1F, 0x1F, 0x13,
 111          0x13, 0x10, 0x10, 0x10, 0x0F, 0x0F, 0x13, 0x13, 0x11, 0x10, 0x1C, 0x1C, 0x0C, 0x00, 0x00, 0x00
 112          };
 113          
 114          code char  paytmlogo [] = {
C51 COMPILER V9.60.7.0   MAIN                                                              04/26/2024 15:10:36 PAGE 3   

 115          0xE0, 0xE0, 0xE0, 0xE0, 0xE0, 0xE0, 0xE0, 0xE0, 0xC0, 0x80, 0x00, 0x00, 0x00, 0xC0, 0xE0, 0xE0,
 116          0xE0, 0xE0, 0xE0, 0xC0, 0xC0, 0x00, 0x00, 0x00, 0xE0, 0xE0, 0xE0, 0xE0, 0x00, 0x00, 0xC0, 0xE0,
 117          0xE0, 0xE0, 0xC0, 0x00, 0xC0, 0xE0, 0xE0, 0xF0, 0xFC, 0xFF, 0xE0, 0xE0, 0xC0, 0x00, 0xC0, 0xE0,
 118          0xE0, 0xE0, 0xC0, 0xC0, 0xE0, 0xE0, 0xE0, 0xC0, 0x80, 0xC0, 0xE0, 0xE0, 0xE0, 0xC0, 0x00, 0x00,
 119          0xFF, 0xFF, 0xFF, 0xFF, 0x0F, 0x0F, 0x0F, 0xFF, 0xFF, 0xFF, 0xFC, 0x00, 0x00, 0x87, 0xCF, 0xC7,
 120          0xC7, 0xC7, 0xFF, 0xFF, 0xFF, 0xFF, 0x00, 0x00, 0xFF, 0xFF, 0xFF, 0xFF, 0x00, 0x00, 0xFF, 0xFF,
 121          0xFF, 0xFF, 0xFF, 0x00, 0x0F, 0x0F, 0xFF, 0xFF, 0xFF, 0xFF, 0x2F, 0x0F, 0x07, 0x00, 0xFF, 0xFF,
 122          0xFF, 0xFF, 0x0F, 0x0F, 0x0F, 0xFF, 0xFF, 0xFF, 0xFF, 0x0F, 0x0F, 0xFF, 0xFF, 0xFF, 0xFF, 0x00,
 123          0xFF, 0xFF, 0xFF, 0xFF, 0xFE, 0xFE, 0xFE, 0xFF, 0x7F, 0x3F, 0x07, 0x00, 0xFF, 0xFF, 0xFF, 0xFF,
 124          0x0F, 0x0F, 0xFF, 0xFF, 0xFF, 0xFF, 0x00, 0x00, 0x0F, 0x3F, 0x7F, 0x7F, 0x7E, 0x7E, 0xFF, 0xFF,
 125          0xFF, 0xFF, 0xFF, 0x00, 0x00, 0x00, 0xFF, 0xFF, 0xFF, 0xFF, 0x85, 0x00, 0x00, 0x00, 0xFF, 0xFF,
 126          0xFF, 0xFF, 0x00, 0x00, 0x00, 0xFF, 0xFF, 0xFF, 0xFF, 0x00, 0x00, 0xFF, 0xFF, 0xFF, 0xFF, 0x00,
 127          0xFF, 0xFF, 0xFF, 0xFF, 0x00, 0x00, 0x00, 0x00, 0x00, 0x00, 0x00, 0x00, 0x3F, 0x7F, 0x7F, 0xFF,
 128          0xFC, 0xFC, 0xFF, 0xFF, 0xFF, 0x7F, 0x00, 0x00, 0x00, 0xFE, 0xFE, 0xFE, 0xFE, 0xFE, 0xFF, 0xFF,
 129          0x7F, 0x3F, 0x03, 0x00, 0x00, 0x00, 0x7F, 0xFF, 0xFF, 0xFF, 0x52, 0x00, 0x00, 0x00, 0x7F, 0xFF,
 130          0xFF, 0xFF, 0x00, 0x00, 0x00, 0xFF, 0xFF, 0xFF, 0xFF, 0x00, 0x00, 0x7F, 0xFF, 0xFF, 0xFF, 0x00
 131          };
 132          
 133          //80x64
 134          
 135          code char chair_left [] = {
 136          0x00, 0x00, 0x00, 0x00, 0x00, 0x00, 0x00, 0x00, 0x00, 0x00, 0x00, 0x00, 0x00, 0x00, 0x00, 0x00,
 137          0x00, 0x00, 0x00, 0x00, 0x00, 0x00, 0x00, 0x00, 0x00, 0x00, 0x00, 0x00, 0x00, 0x00, 0x00, 0x00,
 138          0x00, 0x00, 0x00, 0x00, 0x00, 0x00, 0x00, 0x00, 0x00, 0x00, 0xC0, 0xC0, 0x10, 0x08, 0x08, 0x08,
 139          0x04, 0x04, 0x06, 0x06, 0x06, 0x04, 0x04, 0x04, 0x05, 0x05, 0x05, 0x05, 0x05, 0x05, 0x05, 0x05,
 140          0x05, 0x05, 0x04, 0x00, 0x00, 0x00, 0x08, 0x08, 0xF2, 0x02, 0x02, 0x04, 0xF8, 0xF8, 0x00, 0x00,
 141          0x00, 0x00, 0x00, 0x00, 0x00, 0x00, 0x00, 0x00, 0x00, 0x00, 0x00, 0x00, 0x00, 0x00, 0x00, 0x00,
 142          0x00, 0x00, 0x00, 0x00, 0x00, 0x00, 0x00, 0x00, 0x00, 0x00, 0x00, 0x00, 0x00, 0x00, 0x00, 0x00,
 143          0x00, 0x00, 0x7C, 0x82, 0x82, 0x00, 0x01, 0x01, 0x01, 0x70, 0x07, 0x07, 0x08, 0x08, 0x08, 0x00,
 144          0x10, 0x10, 0xD0, 0x10, 0x10, 0x10, 0x10, 0x10, 0x10, 0x10, 0x10, 0x10, 0xF0, 0x00, 0x00, 0x60,
 145          0x10, 0x10, 0x00, 0x04, 0x04, 0x00, 0x02, 0x02, 0x03, 0x02, 0x02, 0x02, 0xF8, 0xF8, 0x00, 0x00,
 146          0x00, 0x00, 0x00, 0x00, 0x00, 0x00, 0x00, 0x00, 0x00, 0x00, 0x00, 0x00, 0x00, 0x00, 0x00, 0x00,
 147          0x80, 0x80, 0x40, 0x20, 0x00, 0x00, 0x90, 0x90, 0x90, 0x40, 0x20, 0x20, 0x28, 0x20, 0x20, 0x00,
 148          0x10, 0x10, 0x10, 0x11, 0x11, 0x12, 0xF4, 0x07, 0x07, 0x00, 0x00, 0x00, 0x00, 0x00, 0x00, 0x80,
 149          0x3C, 0x3C, 0x81, 0x80, 0x80, 0x40, 0x40, 0x40, 0x40, 0x00, 0x00, 0x0E, 0x00, 0x40, 0x40, 0x40,
 150          0x46, 0x46, 0x48, 0x10, 0x10, 0xA0, 0xC0, 0xC0, 0xE0, 0x10, 0x10, 0x08, 0x03, 0x03, 0x00, 0x00,
 151          0x00, 0x00, 0x00, 0x00, 0x00, 0x00, 0x00, 0x00, 0x00, 0x00, 0x00, 0x00, 0x00, 0xF0, 0xF0, 0x06,
 152          0x00, 0x00, 0xC0, 0x38, 0x23, 0x23, 0x31, 0x10, 0x10, 0x50, 0x50, 0x50, 0x10, 0x80, 0x80, 0x80,
 153          0x80, 0x80, 0x20, 0x20, 0x20, 0x3E, 0x20, 0x00, 0x00, 0x40, 0xC0, 0xC0, 0x10, 0x04, 0x04, 0x03,
 154          0x01, 0x01, 0x00, 0xC0, 0xC0, 0x10, 0x0C, 0x0C, 0x04, 0x02, 0x02, 0x01, 0x01, 0x01, 0x01, 0x00,
 155          0x00, 0x00, 0x00, 0x00, 0x00, 0x00, 0x00, 0x00, 0xE1, 0x07, 0x07, 0x00, 0x00, 0x00, 0x00, 0x00,
 156          0x00, 0x00, 0x00, 0x00, 0x00, 0x00, 0xC0, 0x20, 0x20, 0x08, 0x84, 0x84, 0x62, 0x11, 0x11, 0x08,
 157          0x04, 0x04, 0x83, 0x41, 0x11, 0x11, 0x0A, 0xC6, 0xC6, 0x26, 0x10, 0x10, 0x0C, 0x0C, 0x0C, 0x84,
 158          0x48, 0x48, 0x28, 0x29, 0x29, 0x11, 0x11, 0x12, 0x12, 0x02, 0x0F, 0x0F, 0x00, 0x00, 0x00, 0x00,
 159          0x00, 0x00, 0x1F, 0x00, 0x00, 0x00, 0x00, 0x00, 0x00, 0x00, 0x00, 0x00, 0x00, 0x00, 0x00, 0x00,
 160          0x00, 0x00, 0x00, 0x80, 0x80, 0x30, 0x07, 0x07, 0x00, 0x00, 0x00, 0x00, 0x00, 0x00, 0x00, 0x00,
 161          0x00, 0x00, 0x00, 0xE0, 0x0E, 0x0E, 0x00, 0xC0, 0xC0, 0x0C, 0x01, 0x01, 0x00, 0x80, 0x80, 0x30,
 162          0x06, 0x06, 0x00, 0xE0, 0x04, 0x04, 0x01, 0x00, 0x00, 0xC0, 0x30, 0x30, 0x04, 0x01, 0x01, 0x80,
 163          0x30, 0x30, 0x0C, 0x02, 0x02, 0x02, 0x3C, 0x00, 0x00, 0xFE, 0x00, 0x00, 0x00, 0x00, 0x00, 0x00,
 164          0xFF, 0xFF, 0x00, 0x00, 0x00, 0x00, 0x00, 0x00, 0x00, 0x00, 0x00, 0x00, 0x00, 0x00, 0x00, 0x00,
 165          0x00, 0x00, 0xC6, 0x19, 0x19, 0x00, 0x10, 0x10, 0x20, 0x00, 0x00, 0x00, 0x00, 0x00, 0x00, 0x00,
 166          0x00, 0x00, 0x00, 0x7F, 0x80, 0x80, 0x00, 0x7F, 0x7F, 0x80, 0x80, 0x80, 0x80, 0x7F, 0x7F, 0x00,
 167          0x00, 0x00, 0xFE, 0x00, 0x00, 0x00, 0x00, 0xF8, 0xF8, 0x01, 0x00, 0x00, 0x00, 0x3C, 0x3C, 0x01,
 168          0x00, 0x00, 0x00, 0x00, 0x00, 0xFC, 0x00, 0x00, 0x00, 0x7F, 0x80, 0x80, 0x40, 0x20, 0x20, 0x20,
 169          0x3F, 0x3F, 0x00, 0x00, 0x00, 0x10, 0x10, 0x10, 0x10, 0x08, 0x08, 0x88, 0x80, 0x44, 0x44, 0x42,
 170          0x21, 0x21, 0x00, 0x10, 0x10, 0x08, 0x04, 0x04, 0x02, 0x00, 0x00, 0x00, 0x00, 0x00, 0x00, 0x00,
 171          0x00, 0x00, 0x00, 0x00, 0x00, 0x00, 0x01, 0x01, 0x01, 0x02, 0x02, 0x02, 0x04, 0x04, 0x04, 0x08,
 172          0x08, 0x08, 0x13, 0x14, 0x04, 0x04, 0x20, 0x27, 0x27, 0x40, 0x40, 0x40, 0x40, 0x48, 0x48, 0x48,
 173          0x24, 0x24, 0x24, 0x02, 0x02, 0x13, 0x00, 0x08, 0x08, 0x06, 0x03, 0x03, 0x04, 0x04, 0x04, 0x04,
 174          0x04, 0x04, 0x00, 0x02, 0x02, 0x02, 0x00, 0x00, 0x01, 0x01, 0x01, 0x00, 0x00, 0x00, 0x00, 0x00,
 175          0x00, 0x00, 0x00, 0x00, 0x00, 0x00, 0x00, 0x00, 0x00, 0x00, 0x00, 0x00, 0x00, 0x00, 0x00, 0x00
 176          };
C51 COMPILER V9.60.7.0   MAIN                                                              04/26/2024 15:10:36 PAGE 4   

 177          
 178          
 179          code char chair_Right [] = {
 180          0x00, 0x00, 0xF8, 0xF8, 0x04, 0x02, 0x02, 0xF2, 0x08, 0x08, 0x00, 0x00, 0x00, 0x04, 0x05, 0x05,
 181          0x05, 0x05, 0x05, 0x05, 0x05, 0x05, 0x05, 0x05, 0x04, 0x04, 0x04, 0x06, 0x06, 0x06, 0x04, 0x04,
 182          0x08, 0x08, 0x08, 0x10, 0xC0, 0xC0, 0x00, 0x00, 0x00, 0x00, 0x00, 0x00, 0x00, 0x00, 0x00, 0x00,
 183          0x00, 0x00, 0x00, 0x00, 0x00, 0x00, 0x00, 0x00, 0x00, 0x00, 0x00, 0x00, 0x00, 0x00, 0x00, 0x00,
 184          0x00, 0x00, 0x00, 0x00, 0x00, 0x00, 0x00, 0x00, 0x00, 0x00, 0x00, 0x00, 0x00, 0x00, 0x00, 0x00,
 185          0x00, 0x00, 0xF8, 0xF8, 0x02, 0x02, 0x02, 0x03, 0x02, 0x02, 0x00, 0x04, 0x04, 0x00, 0x10, 0x10,
 186          0x60, 0x00, 0x00, 0xF0, 0x10, 0x10, 0x10, 0x10, 0x10, 0x10, 0x10, 0x10, 0x10, 0xD0, 0x10, 0x10,
 187          0x00, 0x08, 0x08, 0x08, 0x07, 0x07, 0x70, 0x01, 0x01, 0x01, 0x00, 0x82, 0x82, 0x7C, 0x00, 0x00,
 188          0x00, 0x00, 0x00, 0x00, 0x00, 0x00, 0x00, 0x00, 0x00, 0x00, 0x00, 0x00, 0x00, 0x00, 0x00, 0x00,
 189          0x00, 0x00, 0x00, 0x00, 0x00, 0x00, 0x00, 0x00, 0x00, 0x00, 0x00, 0x00, 0x00, 0x00, 0x00, 0x00,
 190          0x00, 0x00, 0x03, 0x03, 0x08, 0x10, 0x10, 0xE0, 0xC0, 0xC0, 0xA0, 0x10, 0x10, 0x48, 0x46, 0x46,
 191          0x40, 0x40, 0x40, 0x00, 0x0E, 0x00, 0x00, 0x40, 0x40, 0x40, 0x40, 0x80, 0x80, 0x81, 0x3C, 0x3C,
 192          0x80, 0x00, 0x00, 0x00, 0x00, 0x00, 0x00, 0x07, 0x07, 0xF4, 0x12, 0x11, 0x11, 0x10, 0x10, 0x10,
 193          0x00, 0x20, 0x20, 0x28, 0x20, 0x20, 0x40, 0x90, 0x90, 0x90, 0x00, 0x00, 0x20, 0x40, 0x80, 0x80,
 194          0x00, 0x00, 0x00, 0x00, 0x00, 0x00, 0x00, 0x00, 0x00, 0x00, 0x00, 0x00, 0x00, 0x00, 0x00, 0x00,
 195          0x00, 0x00, 0x00, 0x00, 0x00, 0x07, 0x07, 0xE1, 0x00, 0x00, 0x00, 0x00, 0x00, 0x00, 0x00, 0x00,
 196          0x00, 0x01, 0x01, 0x01, 0x01, 0x02, 0x02, 0x04, 0x0C, 0x0C, 0x10, 0xC0, 0xC0, 0x00, 0x01, 0x01,
 197          0x03, 0x04, 0x04, 0x10, 0xC0, 0xC0, 0x40, 0x00, 0x00, 0x20, 0x3E, 0x20, 0x20, 0x20, 0x80, 0x80,
 198          0x80, 0x80, 0x80, 0x10, 0x50, 0x50, 0x50, 0x10, 0x10, 0x31, 0x23, 0x23, 0x38, 0xC0, 0x00, 0x00,
 199          0x06, 0xF0, 0xF0, 0x00, 0x00, 0x00, 0x00, 0x00, 0x00, 0x00, 0x00, 0x00, 0x00, 0x00, 0x00, 0x00,
 200          0x00, 0x00, 0x00, 0x00, 0x00, 0x00, 0x00, 0x00, 0x07, 0x07, 0x30, 0x80, 0x80, 0x00, 0x00, 0x00,
 201          0x00, 0x00, 0x00, 0x00, 0x00, 0x00, 0x00, 0x00, 0x00, 0x00, 0x00, 0x00, 0x00, 0x1F, 0x00, 0x00,
 202          0x00, 0x00, 0x00, 0x00, 0x0F, 0x0F, 0x02, 0x12, 0x12, 0x11, 0x11, 0x29, 0x29, 0x28, 0x48, 0x48,
 203          0x84, 0x0C, 0x0C, 0x0C, 0x10, 0x10, 0x26, 0xC6, 0xC6, 0x0A, 0x11, 0x11, 0x41, 0x83, 0x04, 0x04,
 204          0x08, 0x11, 0x11, 0x62, 0x84, 0x84, 0x08, 0x20, 0x20, 0xC0, 0x00, 0x00, 0x00, 0x00, 0x00, 0x00,
 205          0x00, 0x00, 0x00, 0x00, 0x00, 0x00, 0x00, 0x20, 0x10, 0x10, 0x00, 0x19, 0x19, 0xC6, 0x00, 0x00,
 206          0x00, 0x00, 0x00, 0x00, 0x00, 0x00, 0x00, 0x00, 0x00, 0x00, 0x00, 0x00, 0x00, 0x00, 0xFF, 0xFF,
 207          0x00, 0x00, 0x00, 0x00, 0x00, 0x00, 0xFE, 0x00, 0x00, 0x3C, 0x02, 0x02, 0x02, 0x0C, 0x30, 0x30,
 208          0x80, 0x01, 0x01, 0x04, 0x30, 0x30, 0xC0, 0x00, 0x00, 0x01, 0x04, 0x04, 0xE0, 0x00, 0x06, 0x06,
 209          0x30, 0x80, 0x80, 0x00, 0x01, 0x01, 0x0C, 0xC0, 0xC0, 0x00, 0x0E, 0x0E, 0xE0, 0x00, 0x00, 0x00,
 210          0x00, 0x00, 0x00, 0x00, 0x00, 0x00, 0x00, 0x02, 0x04, 0x04, 0x08, 0x10, 0x10, 0x00, 0x21, 0x21,
 211          0x42, 0x44, 0x44, 0x80, 0x88, 0x08, 0x08, 0x10, 0x10, 0x10, 0x10, 0x00, 0x00, 0x00, 0x3F, 0x3F,
 212          0x20, 0x20, 0x20, 0x40, 0x80, 0x80, 0x7F, 0x00, 0x00, 0x00, 0xFC, 0x00, 0x00, 0x00, 0x00, 0x00,
 213          0x01, 0x3C, 0x3C, 0x00, 0x00, 0x00, 0x01, 0xF8, 0xF8, 0x00, 0x00, 0x00, 0x00, 0xFE, 0x00, 0x00,
 214          0x00, 0x7F, 0x7F, 0x80, 0x80, 0x80, 0x80, 0x7F, 0x7F, 0x00, 0x80, 0x80, 0x7F, 0x00, 0x00, 0x00,
 215          0x00, 0x00, 0x00, 0x00, 0x00, 0x00, 0x00, 0x00, 0x00, 0x00, 0x00, 0x00, 0x00, 0x00, 0x00, 0x00,
 216          0x00, 0x00, 0x00, 0x00, 0x00, 0x01, 0x01, 0x01, 0x00, 0x00, 0x02, 0x02, 0x02, 0x00, 0x04, 0x04,
 217          0x04, 0x04, 0x04, 0x04, 0x03, 0x03, 0x06, 0x08, 0x08, 0x00, 0x13, 0x02, 0x02, 0x24, 0x24, 0x24,
 218          0x48, 0x48, 0x48, 0x40, 0x40, 0x40, 0x40, 0x27, 0x27, 0x20, 0x04, 0x04, 0x14, 0x13, 0x08, 0x08,
 219          0x08, 0x04, 0x04, 0x04, 0x02, 0x02, 0x02, 0x01, 0x01, 0x01, 0x00, 0x00, 0x00, 0x00, 0x00, 0x00
 220          };
 221          
 222          
 223          code char loading_up [] = {
 224          0x0E, 0x1F, 0x1F, 0xFF, 0xFF, 0x1F, 0x1F, 0x1F, 0x1F, 0x1F, 0x1F, 0x1F, 0x1F, 0x1F, 0x1F, 0x1F,
 225          0x1F, 0x1F, 0x1F, 0x1F, 0x1F, 0x1F, 0x1F, 0x1F, 0x1F, 0x1F, 0x1F, 0x1F, 0x1F, 0x1F, 0xFF, 0xFF,
 226          0x1F, 0x1F, 0x0E, 0x00, 0x00, 0x00, 0x00, 0xFF, 0xF0, 0x00, 0xE0, 0xE0, 0xE0, 0xE0, 0xE0, 0xE0,
 227          0xE0, 0xE0, 0xE0, 0xE0, 0xE0, 0xE0, 0xE0, 0xE0, 0xE0, 0xE0, 0xE0, 0xE0, 0xE0, 0xE0, 0xE0, 0x00,
 228          0xE0, 0xFF, 0x03, 0x00, 0x00, 0x00, 0x00, 0x00, 0x00, 0x00, 0x00, 0x03, 0x0F, 0x3C, 0x73, 0xEF,
 229          0xDF, 0xBF, 0x7F, 0xFF, 0xFF, 0xFF, 0xFF, 0xFF, 0xFF, 0xFF, 0xFF, 0xFF, 0x7F, 0xBF, 0xDF, 0xEF,
 230          0x73, 0x3C, 0x0F, 0x07, 0x00, 0x00, 0x00, 0x00, 0x00, 0x00, 0x00, 0x00, 0x00, 0x00, 0x00, 0x00,
 231          0x00, 0x00, 0x00, 0x01, 0x03, 0x07, 0x1C, 0xF9, 0xE7, 0x1F, 0xFF, 0x1F, 0xE7, 0xF9, 0x1C, 0x0E,
 232          0x03, 0x01, 0x00, 0x00, 0x00, 0x00, 0x00, 0x00, 0x00, 0x00, 0x00, 0x00, 0x00, 0x00, 0x00, 0x00,
 233          0x00, 0x00, 0x00, 0x00, 0x00, 0x00, 0x80, 0xC0, 0xE0, 0x70, 0x1F, 0x0F, 0x60, 0x05, 0x10, 0x0F,
 234          0x1F, 0x70, 0xE0, 0xC0, 0x80, 0x00, 0x00, 0x00, 0x00, 0x00, 0x00, 0x00, 0x00, 0x00, 0x00, 0x00,
 235          0x00, 0x00, 0x00, 0x00, 0xC0, 0xF0, 0x38, 0x1E, 0x07, 0x03, 0x01, 0x00, 0x00, 0x00, 0x00, 0x08,
 236          0x00, 0x63, 0x00, 0x00, 0x00, 0x00, 0x01, 0x03, 0x07, 0x0E, 0x38, 0xF0, 0xC0, 0x00, 0x00, 0x00,
 237          0x00, 0x00, 0x00, 0x00, 0x00, 0x00, 0xFF, 0x0F, 0x00, 0x00, 0x00, 0x80, 0xC0, 0xE0, 0xF0, 0xF0,
 238          0xF8, 0xFD, 0xFE, 0xFE, 0xFE, 0xFC, 0xFA, 0xF0, 0xF0, 0xE0, 0xC0, 0x80, 0x00, 0x00, 0x00, 0x0F,
C51 COMPILER V9.60.7.0   MAIN                                                              04/26/2024 15:10:36 PAGE 5   

 239          0xFF, 0xC0, 0x00, 0x00, 0x00, 0x70, 0xF8, 0xF8, 0xFF, 0xFF, 0xF8, 0xF8, 0xFA, 0xFB, 0xFB, 0xFB,
 240          0xFB, 0xFB, 0xFB, 0xFB, 0xFB, 0xFB, 0xFB, 0xFB, 0xFB, 0xFB, 0xFB, 0xFB, 0xFB, 0xFB, 0xFB, 0xFB,
 241          0xFA, 0xF8, 0xF8, 0xFF, 0xFF, 0xF8, 0xF8, 0x70, 
 242          };
 243          
 244          code char loading_side [] = {
 245          0xFE, 0xFF, 0xFF, 0xFF, 0xFE, 0x18, 0x98, 0x18, 0x10, 0x10, 0x10, 0x10, 0x30, 0x30, 0x30, 0x30,
 246          0x60, 0x60, 0xC0, 0xC0, 0x80, 0x00, 0x00, 0x00, 0x00, 0x00, 0x00, 0x00, 0x00, 0x00, 0x00, 0x00,
 247          0x00, 0x00, 0x00, 0x00, 0x00, 0x00, 0x00, 0x00, 0x00, 0x00, 0x80, 0x80, 0xC0, 0xC0, 0x60, 0x60,
 248          0xB0, 0xB0, 0xB0, 0x30, 0x10, 0x10, 0x10, 0x10, 0x18, 0x18, 0x18, 0xFE, 0xFF, 0xFF, 0xFF, 0xFE,
 249          0xFF, 0xFF, 0xFF, 0xFF, 0xFF, 0x00, 0xFF, 0xFF, 0xFE, 0xFC, 0xF8, 0xF0, 0xC0, 0x80, 0x00, 0x80,
 250          0x00, 0x00, 0x00, 0x01, 0x01, 0x03, 0x07, 0x0E, 0x1C, 0x38, 0x30, 0x60, 0xC0, 0xC0, 0xC0, 0xC0,
 251          0xC0, 0xC0, 0xC0, 0x60, 0x60, 0xB0, 0x98, 0xDC, 0xEE, 0xF7, 0xFB, 0xFD, 0xFE, 0xFE, 0xFF, 0xFF,
 252          0xFF, 0xFF, 0xFF, 0x00, 0x00, 0x00, 0x00, 0x00, 0x00, 0x00, 0x00, 0xFF, 0xFF, 0xFF, 0xFF, 0xFF,
 253          0xFF, 0xFF, 0xFF, 0xFF, 0xFF, 0x00, 0xFF, 0xFF, 0xFF, 0xFF, 0xFF, 0x7F, 0x1F, 0x0F, 0x17, 0x00,
 254          0x00, 0x04, 0x04, 0x00, 0x01, 0x00, 0x04, 0x84, 0xC0, 0xE1, 0x61, 0x34, 0x18, 0x1A, 0x18, 0x1A,
 255          0x1A, 0x1A, 0x1A, 0x37, 0x77, 0x6F, 0xCF, 0x9F, 0xBF, 0x7F, 0xFF, 0xFF, 0xFF, 0xFF, 0xFF, 0xFF,
 256          0xFF, 0xFF, 0xFF, 0x00, 0x00, 0x00, 0x00, 0x00, 0x00, 0x00, 0x00, 0xFF, 0xFF, 0xFF, 0xFF, 0xFF,
 257          0xFF, 0xFF, 0xFF, 0xFF, 0xFF, 0xC0, 0xCF, 0xC7, 0xC3, 0xC1, 0x40, 0x40, 0x60, 0x60, 0x60, 0x60,
 258          0x30, 0x30, 0x18, 0x18, 0x0C, 0x06, 0x07, 0x03, 0x01, 0x00, 0x00, 0x00, 0x00, 0x00, 0x00, 0x00,
 259          0x00, 0x00, 0x00, 0x00, 0x00, 0x00, 0x00, 0x01, 0x03, 0x07, 0x0E, 0x0D, 0x1B, 0x3B, 0x37, 0x37,
 260          0x6F, 0x6F, 0x6F, 0x40, 0x40, 0x40, 0xC0, 0xC0, 0xC0, 0xC0, 0xC0, 0xFF, 0xFF, 0xFF, 0xFF, 0xFF,
 261          0x03, 0x07, 0x07, 0x07, 0x03, 0x00, 0x00, 0x00, 0x00, 0x00, 0x00, 0x00, 0x00, 0x00, 0x00, 0x00,
 262          0x20, 0x30, 0x78, 0x30, 0x30, 0x28, 0x20, 0x30, 
 263          };
 264          
 265          code char Remaining_time [] = {
 266            0x00, 0x00, 0x00, 0x00, 0x00, 0x00, 0x00, 0x00, 0x00, 0xE0, 0xE0, 0x60, 0x60, 0xE0, 0xE0, 0x00,
 267          0x00, 0xE0, 0xE0, 0x60, 0x60, 0x60, 0x00, 0x00, 0xE0, 0xE0, 0xE0, 0x00, 0xE0, 0xE0, 0xE0, 0x00,
 268          0x00, 0x00, 0xC0, 0xE0, 0xE0, 0xC0, 0x00, 0x00, 0x00, 0xE0, 0xE0, 0x00, 0x00, 0xE0, 0xE0, 0xC0,
 269          0x00, 0xE0, 0xE0, 0x00, 0x00, 0xE0, 0xE0, 0x00, 0x00, 0xE0, 0xE0, 0xC0, 0x00, 0xE0, 0xE0, 0x00,
 270          0x00, 0xC0, 0xE0, 0x60, 0x60, 0x60, 0x40, 0x00, 0x00, 0x00, 0x00, 0x60, 0x60, 0xE0, 0xE0, 0xE0,
 271          0x60, 0x60, 0x00, 0xE0, 0xE0, 0x00, 0x00, 0xE0, 0xE0, 0xE0, 0x00, 0xE0, 0xE0, 0xE0, 0x00, 0x00,
 272          0xE0, 0xE0, 0x60, 0x60, 0x60, 0x00, 0x00, 0x00, 0x00, 0x00, 0x00, 0x00, 0x00, 0x00, 0x00, 0x00,
 273          0x00, 0x00, 0x00, 0x00, 0x00, 0x00, 0x00, 0x00, 0x00, 0x00, 0x00, 0x00, 0x00, 0x00, 0x00, 0x00,
 274          0x00, 0x00, 0x00, 0x00, 0x00, 0x00, 0x00, 0x00, 0x00, 0x0F, 0x0F, 0x03, 0x07, 0x0F, 0x0D, 0x08,
 275          0x00, 0x0F, 0x0F, 0x0D, 0x0D, 0x0D, 0x0C, 0x00, 0x0F, 0x01, 0x07, 0x0F, 0x07, 0x01, 0x0F, 0x00,
 276          0x08, 0x0F, 0x07, 0x06, 0x06, 0x07, 0x0F, 0x08, 0x00, 0x0F, 0x0F, 0x00, 0x00, 0x0F, 0x0F, 0x01,
 277          0x07, 0x0F, 0x0F, 0x00, 0x00, 0x0F, 0x0F, 0x00, 0x00, 0x0F, 0x0F, 0x01, 0x07, 0x0F, 0x0F, 0x00,
 278          0x01, 0x07, 0x0F, 0x0C, 0x0D, 0x0D, 0x07, 0x00, 0x00, 0x00, 0x00, 0x00, 0x00, 0x0F, 0x0F, 0x0F,
 279          0x00, 0x00, 0x00, 0x0F, 0x0F, 0x00, 0x00, 0x0F, 0x01, 0x07, 0x0F, 0x07, 0x01, 0x0F, 0x00, 0x00,
 280          0x0F, 0x0F, 0x0D, 0x0D, 0x0D, 0x0C, 0x00, 0x00, 0x00, 0x00, 0x0C, 0x0C, 0x00, 0x00, 0x00, 0x00,
 281          0x00, 0x0C, 0x0C, 0x00, 0x00, 0x00, 0x00, 0x00, 0x0C, 0x0C, 0x00, 0x00, 0x00, 0x00, 0x00, 0x00
 282          
 283          };
 284          
 285          code char Zero [] = {0x00, 0x00, 0x00, 0x00, 0x00, 0x00, 0x00, 0x00, 0x00, 0x00, 0x00, 0x00, 0x00, 0x00, 0
             -x00, 0x00,
 286          0x00, 0x00, 0x00, 0x00, 0x00, 0x00, 0x00, 0x00, 0x00, 0x00, 0x00, 0x00, 0x00, 0x00, 0x00, 0x00,
 287          0x00, 0x00, 0x00, 0x00, 0x00, 0x00, 0x00, 0x00, 0x00, 0x00, 0x00, 0x00, 0x80, 0x80, 0x80, 0x80,
 288          0x80, 0x80, 0x80, 0x80, 0x00, 0x00, 0x00, 0x00, 0x00, 0x00, 0x00, 0x00, 0x00, 0x00, 0x00, 0x00,
 289          0x00, 0x00, 0x80, 0xF0, 0xFC, 0xFE, 0xFE, 0xFF, 0xFF, 0xFF, 0x3F, 0x1F, 0x0F, 0x0F, 0x0F, 0x1F,
 290          0x3F, 0xFF, 0xFF, 0xFF, 0xFE, 0xFC, 0xF8, 0xF0, 0x80, 0x00, 0x00, 0x00, 0x00, 0x00, 0x00, 0x00,
 291          0xFF, 0xFF, 0xFF, 0xFF, 0xFF, 0xFF, 0xFF, 0x8F, 0x00, 0x00, 0x00, 0x00, 0x00, 0x00, 0x00, 0x8F,
 292          0xFF, 0xFF, 0xFF, 0xFF, 0xFF, 0xFF, 0xFF, 0x00, 0x00, 0x00, 0x00, 0x00, 0x00, 0x00, 0x0F, 0x7F,
 293          0xFF, 0xFF, 0xFF, 0xFF, 0xFF, 0xFF, 0xE0, 0xC0, 0x80, 0x80, 0x80, 0xC0, 0xE0, 0xFF, 0xFF, 0xFF,
 294          0xFF, 0xFF, 0xFF, 0x7F, 0x0F, 0x00, 0x00, 0x00, 0x00, 0x00, 0x00, 0x00, 0x00, 0x00, 0x00, 0x01,
 295          0x03, 0x07, 0x07, 0x0F, 0x0F, 0x0F, 0x0F, 0x0F, 0x0F, 0x0F, 0x0F, 0x0F, 0x07, 0x07, 0x03, 0x03,
 296          0x01, 0x00, 0x00, 0x00, 
 297          };
 298          code char One [] = { 
 299          0x00, 0x00, 0x00, 0x00, 0x00, 0x00, 0x00, 0x00, 0x00, 0x00, 0x00, 0x00, 0x00, 0x00, 0x00, 0x00,
C51 COMPILER V9.60.7.0   MAIN                                                              04/26/2024 15:10:36 PAGE 6   

 300          0x00, 0x00, 0x00, 0x00, 0x00, 0x00, 0x00, 0x00, 0x00, 0x00, 0x00, 0x00, 0x00, 0x00, 0x00, 0x00,
 301          0x00, 0x00, 0x00, 0x00, 0x00, 0x00, 0x00, 0x00, 0x00, 0x00, 0x00, 0x00, 0x00, 0x00, 0x00, 0x80,
 302          0x80, 0x80, 0x80, 0x80, 0x80, 0x80, 0x00, 0x00, 0x00, 0x00, 0x00, 0x00, 0x00, 0x00, 0x00, 0x00,
 303          0x00, 0x00, 0x00, 0x00, 0x80, 0xC0, 0xC0, 0xE0, 0xE0, 0xF0, 0xF8, 0xFC, 0xFE, 0xFF, 0xFF, 0xFF,
 304          0xFF, 0xFF, 0xFF, 0xFF, 0x00, 0x00, 0x00, 0x00, 0x00, 0x00, 0x00, 0x00, 0x00, 0x00, 0x00, 0x00,
 305          0x00, 0x00, 0x1F, 0x0F, 0x0F, 0x0F, 0x07, 0x07, 0x03, 0x03, 0xFF, 0xFF, 0xFF, 0xFF, 0xFF, 0xFF,
 306          0xFF, 0xFF, 0x00, 0x00, 0x00, 0x00, 0x00, 0x00, 0x00, 0x00, 0x00, 0x00, 0x00, 0x00, 0x00, 0x00,
 307          0x00, 0x00, 0x00, 0x00, 0x00, 0x00, 0x00, 0x00, 0xFF, 0xFF, 0xFF, 0xFF, 0xFF, 0xFF, 0xFF, 0xFF,
 308          0x00, 0x00, 0x00, 0x00, 0x00, 0x00, 0x00, 0x00, 0x00, 0x00, 0x00, 0x00, 0x00, 0x00, 0x00, 0x00,
 309          0x00, 0x00, 0x00, 0x00, 0x00, 0x00, 0x0F, 0x0F, 0x0F, 0x0F, 0x0F, 0x0F, 0x0F, 0x0F, 0x00, 0x00,
 310          0x00, 0x00, 0x00, 0x00, 
 311          };
 312          
 313          code char Two [] = { 
 314          0x00, 0x00, 0x00, 0x00, 0x00, 0x00, 0x00, 0x00, 0x00, 0x00, 0x00, 0x00, 0x00, 0x00, 0x00, 0x00,
 315          0x00, 0x00, 0x00, 0x00, 0x00, 0x00, 0x00, 0x00, 0x00, 0x00, 0x00, 0x00, 0x00, 0x00, 0x00, 0x00,
 316          0x00, 0x00, 0x00, 0x00, 0x00, 0x00, 0x00, 0x00, 0x00, 0x80, 0x80, 0x80, 0x80, 0x80, 0x80, 0x80,
 317          0x80, 0x80, 0x00, 0x00, 0x00, 0x00, 0x00, 0x00, 0x00, 0x00, 0x00, 0x00, 0x00, 0x00, 0x00, 0x00,
 318          0xE0, 0xF8, 0xFC, 0xFE, 0xFF, 0xFF, 0xFF, 0xFF, 0x3F, 0x1F, 0x0F, 0x0F, 0x0F, 0x0F, 0x1F, 0xFF,
 319          0xFF, 0xFF, 0xFF, 0xFE, 0xFC, 0xF8, 0xE0, 0x00, 0x00, 0x00, 0x00, 0x00, 0x00, 0x00, 0x00, 0x00,
 320          0x00, 0x01, 0x01, 0x01, 0x01, 0x01, 0x80, 0xC0, 0xE0, 0xE0, 0xF0, 0xF8, 0xFE, 0xFF, 0xFF, 0xFF,
 321          0xFF, 0x7F, 0x3F, 0x0F, 0x03, 0x00, 0x00, 0x00, 0x00, 0x00, 0x00, 0x00, 0x00, 0xC0, 0xF0, 0xF8,
 322          0xFC, 0xFE, 0xFE, 0xFF, 0xFF, 0xFF, 0xFF, 0xDF, 0xCF, 0xC7, 0xC7, 0xC3, 0xC1, 0xC0, 0xC0, 0xC0,
 323          0xC0, 0xC0, 0xC0, 0x00, 0x00, 0x00, 0x00, 0x00, 0x00, 0x0C, 0x0F, 0x0F, 0x0F, 0x0F, 0x0F, 0x0F,
 324          0x0F, 0x0F, 0x0F, 0x0F, 0x0F, 0x0F, 0x0F, 0x0F, 0x0F, 0x0F, 0x0F, 0x0F, 0x0F, 0x0F, 0x0F, 0x0F,
 325          0x0F, 0x00, 0x00, 0x00,
 326          };
 327          
 328          code char Three [] = {0x00, 0x00, 0x00, 0x00, 0x00, 0x00, 0x00, 0x00, 0x00, 0x00, 0x00, 0x00, 0x00, 0x00, 
             -0x00, 0x00,
 329          0x00, 0x00, 0x00, 0x00, 0x00, 0x00, 0x00, 0x00, 0x00, 0x00, 0x00, 0x00, 0x00, 0x00, 0x00, 0x00,
 330          0x00, 0x00, 0x00, 0x00, 0x00, 0x00, 0x00, 0x00, 0x00, 0x00, 0x00, 0x80, 0x80, 0x80, 0x80, 0x80,
 331          0x80, 0x80, 0x80, 0x80, 0x00, 0x00, 0x00, 0x00, 0x00, 0x00, 0x00, 0x00, 0x00, 0x00, 0x00, 0x00,
 332          0x00, 0x00, 0x60, 0x78, 0x7C, 0x7E, 0x7F, 0xFF, 0xFF, 0x7F, 0x1F, 0x0F, 0x0F, 0x0F, 0x0F, 0x1F,
 333          0xFF, 0xFF, 0xFF, 0xFF, 0xFE, 0xFE, 0xFC, 0xF0, 0x00, 0x00, 0x00, 0x00, 0x00, 0x00, 0x00, 0x00,
 334          0x00, 0x00, 0x00, 0x00, 0x00, 0x00, 0x00, 0x00, 0x00, 0x7C, 0x7C, 0x7C, 0x7E, 0x7F, 0xFF, 0xFF,
 335          0xFF, 0xFF, 0xFF, 0xE7, 0xE3, 0xC0, 0x80, 0x00, 0x00, 0x00, 0x00, 0x00, 0x00, 0x00, 0x30, 0xF0,
 336          0xF0, 0xF0, 0xF8, 0xF8, 0xF8, 0xF0, 0xC0, 0x80, 0x80, 0x80, 0x80, 0x80, 0xC0, 0xFB, 0xFF, 0xFF,
 337          0xFF, 0xFF, 0xFF, 0xFF, 0x3F, 0x00, 0x00, 0x00, 0x00, 0x00, 0x00, 0x00, 0x00, 0x00, 0x01, 0x03,
 338          0x07, 0x07, 0x07, 0x0F, 0x0F, 0x0F, 0x0F, 0x0F, 0x0F, 0x0F, 0x0F, 0x0F, 0x07, 0x07, 0x07, 0x03,
 339          0x01, 0x00, 0x00, 0x00, };
 340          
 341          code char Four []= {
 342          0x00, 0x00, 0x00, 0x00, 0x00, 0x00, 0x00, 0x00, 0x00, 0x00, 0x00, 0x00, 0x00, 0x00, 0x00, 0x00,
 343          0x00, 0x00, 0x00, 0x00, 0x00, 0x00, 0x00, 0x00, 0x00, 0x00, 0x00, 0x00, 0x00, 0x00, 0x00, 0x00,
 344          0x00, 0x00, 0x00, 0x00, 0x00, 0x00, 0x00, 0x00, 0x00, 0x00, 0x00, 0x00, 0x00, 0x00, 0x00, 0x80,
 345          0x80, 0x80, 0x80, 0x80, 0x80, 0x80, 0x00, 0x00, 0x00, 0x00, 0x00, 0x00, 0x00, 0x00, 0x00, 0x00,
 346          0x00, 0x00, 0x00, 0x00, 0x00, 0x00, 0x80, 0xC0, 0xE0, 0xF0, 0xF8, 0xFE, 0xFF, 0xFF, 0xFF, 0xFF,
 347          0xFF, 0xFF, 0xFF, 0xFF, 0x00, 0x00, 0x00, 0x00, 0x00, 0x00, 0x00, 0x00, 0x00, 0x00, 0xC0, 0xE0,
 348          0xF0, 0xF8, 0xFC, 0xFE, 0x7F, 0x3F, 0x1F, 0x0F, 0x07, 0x03, 0x01, 0x00, 0xFF, 0xFF, 0xFF, 0xFF,
 349          0xFF, 0xFF, 0x00, 0x00, 0x00, 0x00, 0x00, 0x00, 0x00, 0x00, 0x00, 0x7F, 0x7F, 0x7F, 0x7F, 0x7F,
 350          0x7F, 0x7F, 0x7E, 0x7E, 0x7E, 0x7E, 0x7E, 0x7E, 0x7E, 0x7E, 0xFF, 0xFF, 0xFF, 0xFF, 0xFF, 0xFF,
 351          0x7E, 0x7E, 0x7E, 0x7E, 0x00, 0x00, 0x00, 0x00, 0x00, 0x00, 0x00, 0x00, 0x00, 0x00, 0x00, 0x00,
 352          0x00, 0x00, 0x00, 0x00, 0x00, 0x00, 0x00, 0x00, 0x0F, 0x0F, 0x0F, 0x0F, 0x0F, 0x0F, 0x00, 0x00,
 353          0x00, 0x00, 0x00, 0x00, 
 354          };
 355          code char Five []={0x00, 0x00, 0x00, 0x00, 0x00, 0x00, 0x00, 0x00, 0x00, 0x00, 0x00, 0x00, 0x00, 0x00, 0x0
             -0, 0x00,
 356          0x00, 0x00, 0x00, 0x00, 0x00, 0x00, 0x00, 0x00, 0x00, 0x00, 0x00, 0x00, 0x00, 0x00, 0x00, 0x00,
 357          0x00, 0x00, 0x00, 0x00, 0x00, 0x80, 0x80, 0x80, 0x80, 0x80, 0x80, 0x80, 0x80, 0x80, 0x80, 0x80,
 358          0x80, 0x80, 0x80, 0x80, 0x80, 0x80, 0x80, 0x80, 0x00, 0x00, 0x00, 0x00, 0x00, 0x00, 0x00, 0x00,
 359          0x00, 0x00, 0xFC, 0xFF, 0xFF, 0xFF, 0xFF, 0xFF, 0xFF, 0x1F, 0x1F, 0x1F, 0x1F, 0x1F, 0x1F, 0x1F,
C51 COMPILER V9.60.7.0   MAIN                                                              04/26/2024 15:10:36 PAGE 7   

 360          0x1F, 0x1F, 0x1F, 0x1F, 0x1F, 0x1F, 0x00, 0x00, 0x00, 0x00, 0x00, 0x00, 0x00, 0x00, 0x00, 0x3F,
 361          0x3F, 0x3F, 0x7F, 0x7F, 0x7F, 0x7F, 0x3E, 0x1E, 0x1E, 0x1F, 0x1F, 0x1F, 0x3F, 0xFF, 0xFF, 0xFE,
 362          0xFE, 0xFC, 0xF8, 0xF0, 0xE0, 0x00, 0x00, 0x00, 0x00, 0x00, 0x00, 0x00, 0x70, 0xF0, 0xF0, 0xF8,
 363          0xF8, 0xF8, 0xF8, 0xF0, 0xC0, 0xC0, 0x80, 0x80, 0x80, 0x80, 0xC0, 0xF9, 0xFF, 0xFF, 0xFF, 0xFF,
 364          0xFF, 0x7F, 0x1F, 0x00, 0x00, 0x00, 0x00, 0x00, 0x00, 0x00, 0x00, 0x00, 0x01, 0x03, 0x07, 0x07,
 365          0x07, 0x0F, 0x0F, 0x0F, 0x0F, 0x0F, 0x0F, 0x0F, 0x0F, 0x0F, 0x07, 0x07, 0x03, 0x03, 0x01, 0x00,
 366          0x00, 0x00, 0x00, 0x00, 
 367          };
 368          code char Six []={
 369            0x00, 0x00, 0x00, 0x00, 0x00, 0x00, 0x00, 0x00, 0x00, 0x00, 0x00, 0x00, 0x00, 0x00, 0x00, 0x00,
 370          0x00, 0x00, 0x00, 0x00, 0x00, 0x00, 0x00, 0x00, 0x00, 0x00, 0x00, 0x00, 0x00, 0x00, 0x00, 0x00,
 371          0x00, 0x00, 0x00, 0x00, 0x00, 0x00, 0x00, 0x00, 0x00, 0x00, 0x00, 0x80, 0x80, 0x80, 0x80, 0x80,
 372          0x80, 0x80, 0x80, 0x00, 0x00, 0x00, 0x00, 0x00, 0x00, 0x00, 0x00, 0x00, 0x00, 0x00, 0x00, 0x00,
 373          0x00, 0x00, 0xE0, 0xF8, 0xFC, 0xFE, 0xFE, 0xFF, 0xFF, 0x7F, 0x1F, 0x0F, 0x0F, 0x0F, 0x0F, 0x1F,
 374          0x7F, 0x7F, 0x7F, 0x7F, 0x3E, 0x3C, 0x38, 0x20, 0x00, 0x00, 0x00, 0x00, 0x00, 0x00, 0x00, 0xFF,
 375          0xFF, 0xFF, 0xFF, 0xFF, 0xFF, 0xFF, 0xFF, 0xF8, 0x78, 0x3C, 0x3E, 0x3E, 0x3E, 0x7E, 0xFE, 0xFE,
 376          0xFC, 0xFC, 0xF8, 0xF8, 0xF0, 0xC0, 0x00, 0x00, 0x00, 0x00, 0x00, 0x00, 0x00, 0x0F, 0x3F, 0xFF,
 377          0xFF, 0xFF, 0xFF, 0xFF, 0xFF, 0xE0, 0xC0, 0x80, 0x80, 0x80, 0x80, 0xC0, 0xE0, 0xFF, 0xFF, 0xFF,
 378          0xFF, 0xFF, 0xFF, 0x7F, 0x00, 0x00, 0x00, 0x00, 0x00, 0x00, 0x00, 0x00, 0x00, 0x00, 0x01, 0x03,
 379          0x07, 0x07, 0x07, 0x0F, 0x0F, 0x0F, 0x0F, 0x0F, 0x0F, 0x0F, 0x0F, 0x07, 0x07, 0x07, 0x03, 0x01,
 380          0x00, 0x00, 0x00, 0x00,
 381          };
 382          
 383          code char Seven []= {
 384          0x00, 0x00, 0x00, 0x00, 0x00, 0x00, 0x00, 0x00, 0x00, 0x00, 0x00, 0x00, 0x00, 0x00, 0x00, 0x00,
 385          0x00, 0x00, 0x00, 0x00, 0x00, 0x00, 0x00, 0x00, 0x00, 0x00, 0x00, 0x00, 0x00, 0x00, 0x00, 0x00,
 386          0x00, 0x00, 0x00, 0x00, 0x80, 0x80, 0x80, 0x80, 0x80, 0x80, 0x80, 0x80, 0x80, 0x80, 0x80, 0x80,
 387          0x80, 0x80, 0x80, 0x80, 0x80, 0x80, 0x80, 0x80, 0x80, 0x80, 0x80, 0x00, 0x00, 0x00, 0x00, 0x00,
 388          0x00, 0x00, 0x1F, 0x1F, 0x1F, 0x1F, 0x1F, 0x1F, 0x1F, 0x1F, 0x1F, 0x1F, 0x1F, 0x1F, 0x9F, 0xDF,
 389          0xFF, 0xFF, 0xFF, 0xFF, 0xFF, 0xFF, 0x7F, 0x1F, 0x0F, 0x00, 0x00, 0x00, 0x00, 0x00, 0x00, 0x00,
 390          0x00, 0x00, 0x00, 0x00, 0x00, 0x00, 0x00, 0x00, 0xC0, 0xF0, 0xFC, 0xFE, 0xFF, 0xFF, 0xFF, 0x7F,
 391          0x1F, 0x07, 0x01, 0x00, 0x00, 0x00, 0x00, 0x00, 0x00, 0x00, 0x00, 0x00, 0x00, 0x00, 0x00, 0x00,
 392          0x00, 0x00, 0x00, 0x80, 0xF8, 0xFF, 0xFF, 0xFF, 0xFF, 0xFF, 0xFF, 0x1F, 0x01, 0x00, 0x00, 0x00,
 393          0x00, 0x00, 0x00, 0x00, 0x00, 0x00, 0x00, 0x00, 0x00, 0x00, 0x00, 0x00, 0x00, 0x00, 0x00, 0x00,
 394          0x00, 0x0F, 0x0F, 0x0F, 0x0F, 0x0F, 0x0F, 0x0F, 0x0F, 0x00, 0x00, 0x00, 0x00, 0x00, 0x00, 0x00,
 395          0x00, 0x00, 0x00, 0x00, };
 396          
 397          code char Eight []= {
 398          0x00, 0x00, 0x00, 0x00, 0x00, 0x00, 0x00, 0x00, 0x00, 0x00, 0x00, 0x00, 0x00, 0x00, 0x00, 0x00,
 399          0x00, 0x00, 0x00, 0x00, 0x00, 0x00, 0x00, 0x00, 0x00, 0x00, 0x00, 0x00, 0x00, 0x00, 0x00, 0x00,
 400          0x00, 0x00, 0x00, 0x00, 0x00, 0x00, 0x00, 0x00, 0x00, 0x00, 0x80, 0x80, 0x80, 0x80, 0x80, 0x80,
 401          0x80, 0x80, 0x80, 0x00, 0x00, 0x00, 0x00, 0x00, 0x00, 0x00, 0x00, 0x00, 0x00, 0x00, 0x00, 0x00,
 402          0x00, 0x00, 0xF8, 0xFC, 0xFE, 0xFF, 0xFF, 0xFF, 0xFF, 0x1F, 0x0F, 0x0F, 0x0F, 0x0F, 0x1F, 0x3F,
 403          0xFF, 0xFF, 0xFF, 0xFF, 0xFE, 0xFC, 0xF8, 0x00, 0x00, 0x00, 0x00, 0x00, 0x00, 0x00, 0x00, 0x00,
 404          0xC3, 0xC7, 0xEF, 0xFF, 0xFF, 0xFF, 0xFF, 0xFE, 0x7C, 0x7C, 0x7C, 0x7C, 0xFC, 0xFE, 0xFF, 0xFF,
 405          0xFF, 0xFF, 0xEF, 0xC7, 0x83, 0x00, 0x00, 0x00, 0x00, 0x00, 0x00, 0x00, 0x00, 0x7F, 0xFF, 0xFF,
 406          0xFF, 0xFF, 0xFF, 0xFF, 0xFF, 0xC0, 0xC0, 0x80, 0x80, 0x80, 0xC0, 0xC0, 0xFF, 0xFF, 0xFF, 0xFF,
 407          0xFF, 0xFF, 0xFF, 0x7F, 0x00, 0x00, 0x00, 0x00, 0x00, 0x00, 0x00, 0x00, 0x01, 0x03, 0x03, 0x07,
 408          0x07, 0x07, 0x0F, 0x0F, 0x0F, 0x0F, 0x0F, 0x0F, 0x0F, 0x0F, 0x0F, 0x07, 0x07, 0x07, 0x03, 0x03,
 409          0x00, 0x00, 0x00, 0x00,};
 410          
 411          code char Nine []= {
 412          0x00, 0x00, 0x00, 0x00, 0x00, 0x00, 0x00, 0x00, 0x00, 0x00, 0x00, 0x00, 0x00, 0x00, 0x00, 0x00,
 413          0x00, 0x00, 0x00, 0x00, 0x00, 0x00, 0x00, 0x00, 0x00, 0x00, 0x00, 0x00, 0x00, 0x00, 0x00, 0x00,
 414          0x00, 0x00, 0x00, 0x00, 0x00, 0x00, 0x00, 0x00, 0x00, 0x00, 0x80, 0x80, 0x80, 0x80, 0x80, 0x80,
 415          0x80, 0x80, 0x00, 0x00, 0x00, 0x00, 0x00, 0x00, 0x00, 0x00, 0x00, 0x00, 0x00, 0x00, 0x00, 0x00,
 416          0x00, 0xF0, 0xF8, 0xFC, 0xFE, 0xFF, 0xFF, 0xFF, 0x3F, 0x1F, 0x0F, 0x0F, 0x0F, 0x0F, 0x1F, 0x3F,
 417          0xFF, 0xFF, 0xFF, 0xFE, 0xFC, 0xF8, 0xE0, 0x80, 0x00, 0x00, 0x00, 0x00, 0x00, 0x00, 0x00, 0x1F,
 418          0x7F, 0xFF, 0xFF, 0xFF, 0xFF, 0xFF, 0xF8, 0xF0, 0xE0, 0xE0, 0xE0, 0xE0, 0xF0, 0xF8, 0xFF, 0xFF,
 419          0xFF, 0xFF, 0xFF, 0xFF, 0xFF, 0xFF, 0x00, 0x00, 0x00, 0x00, 0x00, 0x00, 0x00, 0x20, 0xE0, 0xE0,
 420          0xE0, 0xF1, 0xF1, 0xF3, 0xF3, 0xC3, 0x83, 0x83, 0x83, 0x81, 0xC1, 0xF0, 0xFF, 0xFF, 0xFF, 0xFF,
 421          0xFF, 0xFF, 0x3F, 0x07, 0x00, 0x00, 0x00, 0x00, 0x00, 0x00, 0x00, 0x00, 0x00, 0x01, 0x03, 0x07,
C51 COMPILER V9.60.7.0   MAIN                                                              04/26/2024 15:10:36 PAGE 8   

 422          0x07, 0x07, 0x0F, 0x0F, 0x0F, 0x0F, 0x0F, 0x0F, 0x0F, 0x0F, 0x07, 0x07, 0x03, 0x03, 0x01, 0x00,
 423          0x00, 0x00, 0x00, 0x00,};
 424          
 425          code char Dot []= {
 426          0x00, 0x00, 0x00, 0x00, 0x00, 0x00, 0x00, 0x00, 0x00, 0x00, 0x00, 0x00, 0x00, 0x00, 0x00, 0x00,
 427          0x00, 0x00, 0x00, 0x80, 0x80, 0x80, 0x80, 0x80, 0x00, 0x00, 0x00, 0x7F, 0x7F, 0x7F, 0x7F, 0x7F,
 428          0x00, 0x00, 0x00, 0xF0, 0xF0, 0xF0, 0xF0, 0xF0, 0x00, 0x00, 0x00, 0x0F, 0x0F, 0x0F, 0x0F, 0x0F
 429          };
 430            
 431          void main(void)
 432          {
 433   1        char x=0,y=0,page=0,Data=0x00;
 434   1        P00_PUSHPULL_MODE;
 435   1        P01_PUSHPULL_MODE;
 436   1        P02_PUSHPULL_MODE;
 437   1        P03_PUSHPULL_MODE;
 438   1        
 439   1        P20_PUSHPULL_MODE;
 440   1        P21_PUSHPULL_MODE;
 441   1        P22_PUSHPULL_MODE;
 442   1        P23_PUSHPULL_MODE;
 443   1        
 444   1        P25_PUSHPULL_MODE;
 445   1        P24_PUSHPULL_MODE;
 446   1        P32_PUSHPULL_MODE;
 447   1        //P33_PUSHPULL_MODE;
 448   1        
 449   1        P54_PUSHPULL_MODE;
 450   1        P55_PUSHPULL_MODE;
 451   1        
 452   1        P33_PUSHPULL_MODE;
 453   1        
 454   1      //  P14_INPUT_MODE;
 455   1        
 456   1        RELAY = RELAY_OFF;
 457   1        
 458   1        //-----UART 0 PINS-  --- GSM UART//
 459   1        MFP_P16_UART0_TXD;
 460   1        MFP_P17_UART0_RXD;
 461   1        P16_QUASI_MODE;
 462   1        P17_QUASI_MODE;
 463   1        
 464   1        //-----UART 1 PINS-  --- DEBUG UART UART//
 465   1        
 466   1        MFP_P50_UART1_TXD;
 467   1        MFP_P51_UART1_RXD;
 468   1        P50_QUASI_MODE;
 469   1        P51_QUASI_MODE;
 470   1        
 471   1      //   MFP_P23_UART1_TXD;
 472   1      //    P23_QUASI_MODE;
 473   1      //    MFP_P22_UART1_RXD;
 474   1      //    P22_INPUT_MODE;
 475   1        
 476   1        
 477   1        //-----UART 2 PINS-  --- WIFI UART UART//
 478   1        
 479   1        MFP_P40_UART2_RXD;   //
 480   1        MFP_P41_UART2_TXD; // 
 481   1        P40_QUASI_MODE;   
 482   1        P41_QUASI_MODE;
 483   1        
C51 COMPILER V9.60.7.0   MAIN                                                              04/26/2024 15:10:36 PAGE 9   

 484   1        
 485   1        ReadFlash();
 486   1        
 487   1      
 488   1        //------UART 0 INIT-----------//  GSM UART
 489   1        UART_Open(24000000,UART0_Timer1,115200); 
 490   1        UART_Interrupt_Enable(UART0,Enable);
 491   1       
 492   1        
 493   1        
 494   1        //------UART 1 INIT-----------//  WIFI
 495   1      
 496   1        //if(P14==1)
 497   1        {
 498   2        UART_Open(24000000,UART1_Timer3,115200);  
 499   2        UART_Interrupt_Enable(UART1,Enable);
 500   2        }
 501   1        //else
 502   1        //  UART_Interrupt_Enable(UART1,Disable);
 503   1        //------UART 2 INIT-----------//
 504   1        UART_Open(24000000,UART2,115200); // DEBUG
 505   1        //UART_Interrupt_Enable(UART0,Enable);
 506   1        ENABLE_GLOBAL_INTERRUPT;
 507   1        
 508   1      //  //UART_Send_String(WIFI_UART,"WIFI UART TEST");
 509   1      //  UART_Send_String(DEBUG_UART,"WIFI UART TEST");
 510   1      //  ClearUart();
 511   1      //  while(1)
 512   1      //  {
 513   1      //    //UART_Send_String(WIFI_UART,"WIFI UART TEST\r\n");
 514   1      //    //Delay_1ms(1000);
 515   1      //    UART_Send_String(DEBUG_UART,"DEBUG UART TEST\r\n");
 516   1      //    Delay_1ms(1000);
 517   1      //    CheckUrc();
 518   1      //  }
 519   1        
 520   1        //-----GLCD INIT--//
 521   1        GLCD_Init();
 522   1        GLCD_ClearAll();
 523   1          //------timer init------------------//
 524   1        Timer0_Init(TIMER0_MSEC);
 525   1        TIMER0_INTR_EN;
 526   1        ClearUart();
 527   1        LoadingScreen();
 528   1      //  GLCD_Image(0,0,0, QrArray,64,64);
 529   1        Delay_1ms(5000);
 530   1        //while(1);
 531   1        while(1)
 532   1        {
 533   2        UINT16 Cnt=300;   
 534   2        UINT8   PidReqCnt=0;  
 535   2        // ClearUart();
 536   2        //GLCD_Image(0,0,0, Remaining_time,128,16);
 537   2        //  GLCD_Image(32,2,0,One ,32,48);
 538   2        //  GLCD_Image(0,2,1, Zero ,32,48);
 539   2      //  while(1)
 540   2      //  {   
 541   2      //    ShowRemainigTime(Cnt);
 542   2      //    Cnt--;
 543   2      //    Delay_1ms(1000);
 544   2      //  }
 545   2        //  while(1);
C51 COMPILER V9.60.7.0   MAIN                                                              04/26/2024 15:10:36 PAGE 10  

 546   2      //    {
 547   2      //      CheckUrc();
 548   2      //      GLCD_ClearAll();
 549   2      //        GLCD_Image(45,0,0, loading_up,35,64);
 550   2      //      Delay_1ms(1000);
 551   2      //      GLCD_ClearAll();
 552   2      //      GLCD_Image(32,2,0, loading_side,64,35);
 553   2      //        Delay_1ms(1000);
 554   2      //    }
 555   2          
 556   2          
 557   2          
 558   2      
 559   2          
 560   2      //    if(GlcdImageCnt>0)
 561   2      //    {
 562   2      //       GLCD_Image(0,0,0, QrArray,64,64);
 563   2      //    }
 564   2      //    else
 565   2      //    {
 566   2        //    GLCD_ClearAll();
 567   2        //    GLCD_Image(0,0,0, img2,64,64);
 568   2        //    while(1);
 569   2      //      
 570   2      //    }
 571   2      //    GLCD_Image(10,0,1, PhonePeLogo,32,32);
 572   2      //    GLCD_Image(0,4,1, paytmlogo,64,32);
 573   2          //UART_Send_String(GSM_UART,"this is uart test\r\n");
 574   2          //UART_Send_String(WIFI_UART,"this is uart1 test WIFI");
 575   2          DebugPrintf("<------DEBUG MSG => this is uart2 test =---------\r\n");
 576   2          Flags.PidReceived=0;
 577   2          while(1)
 578   2            {
 579   3              UINT8 SwInput=0;
 580   3              //DebugPrintf("<------DEBUG MSG => tick UART =---------\r\n");
 581   3              CheckUrc();
 582   3              
 583   3              if(Flags.LoadScreen==1)
 584   3              {
 585   4                LoadingScreen();
 586   4                Flags.LoadScreen=0;
 587   4              }
 588   3              
 589   3              
 590   3            //  TimerFunc();
 591   3            //  DebugPrintf("<------DEBUG MSG => this is uart2 test =---------\r\n");
 592   3              if(FlagOffAud==1)
 593   3              {
 594   4                FlagOffAud=0;
 595   4                UART_Send_String(GSM_UART,"AUD_RELAX\r\n");
 596   4                GLCD_ClearAll();
 597   4                ChairAnimation();
 598   4              }
 599   3              
 600   3              if(FlagStopAud==1)
 601   3              {
 602   4                FlagStopAud=0;
 603   4                UART_Send_String(GSM_UART,"AUD_STOP\r\n");
 604   4              }
 605   3              
 606   3              if(PreStartTime==20 && FlagChairWorking == 1)  //30-10=20
 607   3              {
C51 COMPILER V9.60.7.0   MAIN                                                              04/26/2024 15:10:36 PAGE 11  

 608   4                UART_Send_String(GSM_UART,"AUD_START\r\n");
 609   4                Delay_1ms(1000);
 610   4              }
 611   3              
 612   3              if(PreStartTime==0 && (FlagChairWorking == 1 || FlagChairlastMin==1)&&  TimerForChair>0)  //30-10=20
 613   3              {
 614   4                ShowRemainigTime(TimerForChair);
 615   4                //Delay_1ms(1000);
 616   4              }
 617   3              
 618   3              //----------------- TIME reset switch-------------------//
 619   3              SFRS=0;
 620   3              SwInput = P5;
 621   3              
 622   3              if(((SwInput&0X40)==0) && (TimerForChair>2))
 623   3              {SFRS=0;
 624   4                Delay_1ms(300);
 625   4                SFRS=0;
 626   4                SwInput = P5;
 627   4                if((SwInput&0X40) == 0)
 628   4                {
 629   5                  TimerForChair=2;
 630   5                }
 631   4                Delay_1ms(1000);
 632   4              }
 633   3              //------------------------------------------------//
 634   3              
 635   3              //-----------------  reset WIFI switch-------------------//
 636   3              if(((SwInput&0x04)==0))
 637   3              {SFRS=0;
 638   4                Delay_1ms(300);
 639   4                SFRS=0;
 640   4                SwInput = P5;
 641   4                if((SwInput&0x04) == 0)
 642   4                {
 643   5                  DebugPrintf("<------wifi reset key pressed =---------\r\n");
 644   5                  UART_Send_String(WIFI_UART,"RESET\n");
 645   5                  Delay_1ms(1000);
 646   5                  UART_Send_String(WIFI_UART,"RESET\n");
 647   5                }
 648   4                Delay_1ms(1000);
 649   4              }
 650   3              
 651   3              //TimerFunc();
 652   3              
 653   3              if(Flags.PidReceived==0 && Flags.GetPidCnt>2)//  && P14==1  && Flags.GetPidCnt>2)
 654   3              {
 655   4                UART_Send_String(GSM_UART,"GET_PID\r\n");
 656   4              //  DebugPrintf("<------PID REQUEST TO GSM---------\r\n");
 657   4              //  CheckUrc();
 658   4                Flags.GetPidCnt=0;
 659   4              //  Delay_1ms(1000);
 660   4      //          PidReqCnt++;
 661   4      //          if(PidReqCnt>10)
 662   4      //          {
 663   4      //            SW_Reset();
 664   4      //          }
 665   4                  
 666   4              }
 667   3              
 668   3            //  TimerFunc();
 669   3              
C51 COMPILER V9.60.7.0   MAIN                                                              04/26/2024 15:10:36 PAGE 12  

 670   3            }
 671   2        }
 672   1      }


MODULE INFORMATION:   STATIC OVERLAYABLE
   CODE SIZE        =    703    ----
   CONSTANT SIZE    =   5883    ----
   XDATA SIZE       =   ----       8
   PDATA SIZE       =   ----    ----
   DATA SIZE        =   ----    ----
   IDATA SIZE       =   ----    ----
   BIT SIZE         =   ----    ----
END OF MODULE INFORMATION.


C51 COMPILATION COMPLETE.  0 WARNING(S),  0 ERROR(S)
